 ---------------------------------------------------------------------------------------------------------------------------------- 
|                                          Memory leak report for:  09/26/2017 16:10:37                                            |
 ---------------------------------------------------------------------------------------------------------------------------------- 


20 memory leaks found:

Alloc.   Addr       Size       Addr       Size                        BreakOn BreakOn              
Number Reported   Reported    Actual     Actual     Unused    Method  Dealloc Realloc Allocated by 
------ ---------- ---------- ---------- ---------- ---------- -------- ------- ------- --------------------------------------------------- 
000041 0x01654028 0x0000000C 0x01654018 0x0000002C 0x00000000 new         N       N    ??(00000)::??
000025 0x016541E0 0x00000008 0x016541D0 0x00000028 0x00000000 new         N       N    ??(00000)::??
000019 0x016543F0 0x00000008 0x016543E0 0x00000028 0x00000000 new         N       N    ??(00000)::??
000020 0x01654650 0x0000005C 0x01654640 0x0000007C 0x0000000C new         N       N    ??(00000)::??
000045 0x04618BF0 0x00000018 0x04618BE0 0x00000038 0x00000000 new         N       N    ??(00000)::??
000047 0x04618C58 0x00000018 0x04618C48 0x00000038 0x00000000 new         N       N    ??(00000)::??
000042 0x04618F30 0x00000018 0x04618F20 0x00000038 0x00000000 new         N       N    ??(00000)::??
000043 0x04619270 0x00000018 0x04619260 0x00000038 0x00000000 new         N       N    ??(00000)::??
000046 0x046194E0 0x00000018 0x046194D0 0x00000038 0x00000000 new         N       N    ??(00000)::??
000044 0x046196E8 0x00000018 0x046196D8 0x00000038 0x00000000 new         N       N    ??(00000)::??
000029 0x0163B060 0x00000010 0x0163B050 0x00000030 0x00000000 new         N       N    ??(00000)::??
000030 0x0163B0C0 0x00000010 0x0163B0B0 0x00000030 0x00000000 new         N       N    ??(00000)::??
000022 0x0163CD38 0x000000C4 0x0163CD28 0x000000E4 0x00000010 new         N       N    ??(00000)::??
000012 0x0165CDD0 0x000001A4 0x0165CDC0 0x000001C4 0x00000018 new         N       N    ??(00000)::??
000013 0x0165CFC0 0x00000008 0x0165CFB0 0x00000028 0x00000000 new         N       N    ??(00000)::??
000018 0x0165D018 0x000001F4 0x0165D008 0x00000214 0x0000001C new         N       N    ??(00000)::??
000028 0x0163D568 0x00000010 0x0163D558 0x00000030 0x00000000 new         N       N    ??(00000)::??
000023 0x0163D638 0x000000D8 0x0163D628 0x000000F8 0x00000004 new         N       N    ??(00000)::??
000021 0x016BE470 0x0000148C 0x016BE460 0x000014AC 0x00000020 new         N       N    ??(00000)::??
000024 0x016BF948 0x000003B0 0x016BF938 0x000003D0 0x00000064 new         N       N    ??(00000)::??
