  ModuleWindow.cpp
c:\users\javi\desktop\citm\motores\game-engines\game-engine\mathgeolib\geometry\aabb2d.h(132): warning C4996: 'sprintf': This function or variable may be unsafe. Consider using sprintf_s instead. To disable deprecation, use _CRT_SECURE_NO_WARNINGS. See online help for details.
  c:\program files (x86)\windows kits\10\include\10.0.10240.0\ucrt\stdio.h(1769): note: vea la declaración de 'sprintf'
  ModuleSceneIntro.cpp
c:\users\javi\desktop\citm\motores\game-engines\game-engine\mathgeolib\geometry\aabb2d.h(132): warning C4996: 'sprintf': This function or variable may be unsafe. Consider using sprintf_s instead. To disable deprecation, use _CRT_SECURE_NO_WARNINGS. See online help for details.
  c:\program files (x86)\windows kits\10\include\10.0.10240.0\ucrt\stdio.h(1769): note: vea la declaración de 'sprintf'
  ModuleRenderer3D.cpp
c:\users\javi\desktop\citm\motores\game-engines\game-engine\mathgeolib\geometry\aabb2d.h(132): warning C4996: 'sprintf': This function or variable may be unsafe. Consider using sprintf_s instead. To disable deprecation, use _CRT_SECURE_NO_WARNINGS. See online help for details.
  c:\program files (x86)\windows kits\10\include\10.0.10240.0\ucrt\stdio.h(1769): note: vea la declaración de 'sprintf'
  ModulePlayer.cpp
c:\users\javi\desktop\citm\motores\game-engines\game-engine\mathgeolib\geometry\aabb2d.h(132): warning C4996: 'sprintf': This function or variable may be unsafe. Consider using sprintf_s instead. To disable deprecation, use _CRT_SECURE_NO_WARNINGS. See online help for details.
  c:\program files (x86)\windows kits\10\include\10.0.10240.0\ucrt\stdio.h(1769): note: vea la declaración de 'sprintf'
  ModulePhysics3D.cpp
c:\users\javi\desktop\citm\motores\game-engines\game-engine\mathgeolib\geometry\aabb2d.h(132): warning C4996: 'sprintf': This function or variable may be unsafe. Consider using sprintf_s instead. To disable deprecation, use _CRT_SECURE_NO_WARNINGS. See online help for details.
  c:\program files (x86)\windows kits\10\include\10.0.10240.0\ucrt\stdio.h(1769): note: vea la declaración de 'sprintf'
c:\users\javi\desktop\citm\motores\game-engines\game-engine\modulephysics3d.cpp(281): warning C4018: '<': no coinciden signed/unsigned
  ModuleInput.cpp
c:\users\javi\desktop\citm\motores\game-engines\game-engine\mathgeolib\geometry\aabb2d.h(132): warning C4996: 'sprintf': This function or variable may be unsafe. Consider using sprintf_s instead. To disable deprecation, use _CRT_SECURE_NO_WARNINGS. See online help for details.
  c:\program files (x86)\windows kits\10\include\10.0.10240.0\ucrt\stdio.h(1769): note: vea la declaración de 'sprintf'
  ModuleImGui.cpp
c:\users\javi\desktop\citm\motores\game-engines\game-engine\mathgeolib\geometry\aabb2d.h(132): warning C4996: 'sprintf': This function or variable may be unsafe. Consider using sprintf_s instead. To disable deprecation, use _CRT_SECURE_NO_WARNINGS. See online help for details.
  c:\program files (x86)\windows kits\10\include\10.0.10240.0\ucrt\stdio.h(1769): note: vea la declaración de 'sprintf'
c:\users\javi\desktop\citm\motores\game-engines\game-engine\moduleimgui.cpp(61): warning C4244: 'argumento': conversión de 'float' a 'int'; posible pérdida de datos
c:\users\javi\desktop\citm\motores\game-engines\game-engine\moduleimgui.cpp(65): warning C4244: '=': conversión de 'int' a 'float'; posible pérdida de datos
  ModuleCamera3D.cpp
c:\users\javi\desktop\citm\motores\game-engines\game-engine\mathgeolib\geometry\aabb2d.h(132): warning C4996: 'sprintf': This function or variable may be unsafe. Consider using sprintf_s instead. To disable deprecation, use _CRT_SECURE_NO_WARNINGS. See online help for details.
  c:\program files (x86)\windows kits\10\include\10.0.10240.0\ucrt\stdio.h(1769): note: vea la declaración de 'sprintf'
  ModuleAudio.cpp
c:\users\javi\desktop\citm\motores\game-engines\game-engine\mathgeolib\geometry\aabb2d.h(132): warning C4996: 'sprintf': This function or variable may be unsafe. Consider using sprintf_s instead. To disable deprecation, use _CRT_SECURE_NO_WARNINGS. See online help for details.
  c:\program files (x86)\windows kits\10\include\10.0.10240.0\ucrt\stdio.h(1769): note: vea la declaración de 'sprintf'
  Main.cpp
c:\users\javi\desktop\citm\motores\game-engines\game-engine\mathgeolib\geometry\aabb2d.h(132): warning C4996: 'sprintf': This function or variable may be unsafe. Consider using sprintf_s instead. To disable deprecation, use _CRT_SECURE_NO_WARNINGS. See online help for details.
  c:\program files (x86)\windows kits\10\include\10.0.10240.0\ucrt\stdio.h(1769): note: vea la declaración de 'sprintf'
  Generando código...
  Compilando...
  Application.cpp
c:\users\javi\desktop\citm\motores\game-engines\game-engine\mathgeolib\geometry\aabb2d.h(132): warning C4996: 'sprintf': This function or variable may be unsafe. Consider using sprintf_s instead. To disable deprecation, use _CRT_SECURE_NO_WARNINGS. See online help for details.
  c:\program files (x86)\windows kits\10\include\10.0.10240.0\ucrt\stdio.h(1769): note: vea la declaración de 'sprintf'
c:\users\javi\desktop\citm\motores\game-engines\game-engine\application.cpp(10): warning C4316: 'ModuleCamera3D': puede que el objeto asignado en el montón no esté alineado 16
  Generando código...
  grisu3.c
c:\users\javi\desktop\citm\motores\game-engines\game-engine\mathgeolib\math\grisu3.c(322): warning C4996: 'sprintf': This function or variable may be unsafe. Consider using sprintf_s instead. To disable deprecation, use _CRT_SECURE_NO_WARNINGS. See online help for details.
  c:\program files (x86)\windows kits\10\include\10.0.10240.0\ucrt\stdio.h(1769): note: vea la declaración de 'sprintf'
c:\users\javi\desktop\citm\motores\game-engines\game-engine\mathgeolib\math\grisu3.c(332): warning C4996: 'sprintf': This function or variable may be unsafe. Consider using sprintf_s instead. To disable deprecation, use _CRT_SECURE_NO_WARNINGS. See online help for details.
  c:\program files (x86)\windows kits\10\include\10.0.10240.0\ucrt\stdio.h(1769): note: vea la declaración de 'sprintf'
  LINK : no se encontró C:\Users\Javi\Desktop\Citm\Motores\Game-Engines\Game-Engine\Debug\3D Physics - class6.exe o no lo generó el último vínculo incremental; ejecutando vínculo completo
BulletDynamics_debug.lib(btDiscreteDynamicsWorld.obj) : warning LNK4204: falta información de depuración de 'C:\Users\Javi\Desktop\Citm\Motores\Game-Engines\Game-Engine\Debug\vc140.pdb' para hacer referencia al módulo; se vinculará el objeto sin tener en cuenta información de depuración
BulletDynamics_debug.lib(btRigidBody.obj) : warning LNK4204: falta información de depuración de 'C:\Users\Javi\Desktop\Citm\Motores\Game-Engines\Game-Engine\Debug\vc140.pdb' para hacer referencia al módulo; se vinculará el objeto sin tener en cuenta información de depuración
BulletDynamics_debug.lib(btConeTwistConstraint.obj) : warning LNK4204: falta información de depuración de 'C:\Users\Javi\Desktop\Citm\Motores\Game-Engines\Game-Engine\Debug\vc140.pdb' para hacer referencia al módulo; se vinculará el objeto sin tener en cuenta información de depuración
BulletDynamics_debug.lib(btContactConstraint.obj) : warning LNK4204: falta información de depuración de 'C:\Users\Javi\Desktop\Citm\Motores\Game-Engines\Game-Engine\Debug\vc140.pdb' para hacer referencia al módulo; se vinculará el objeto sin tener en cuenta información de depuración
BulletDynamics_debug.lib(btGeneric6DofConstraint.obj) : warning LNK4204: falta información de depuración de 'C:\Users\Javi\Desktop\Citm\Motores\Game-Engines\Game-Engine\Debug\vc140.pdb' para hacer referencia al módulo; se vinculará el objeto sin tener en cuenta información de depuración
BulletDynamics_debug.lib(btHingeConstraint.obj) : warning LNK4204: falta información de depuración de 'C:\Users\Javi\Desktop\Citm\Motores\Game-Engines\Game-Engine\Debug\vc140.pdb' para hacer referencia al módulo; se vinculará el objeto sin tener en cuenta información de depuración
BulletDynamics_debug.lib(btPoint2PointConstraint.obj) : warning LNK4204: falta información de depuración de 'C:\Users\Javi\Desktop\Citm\Motores\Game-Engines\Game-Engine\Debug\vc140.pdb' para hacer referencia al módulo; se vinculará el objeto sin tener en cuenta información de depuración
BulletDynamics_debug.lib(btSequentialImpulseConstraintSolver.obj) : warning LNK4204: falta información de depuración de 'C:\Users\Javi\Desktop\Citm\Motores\Game-Engines\Game-Engine\Debug\vc140.pdb' para hacer referencia al módulo; se vinculará el objeto sin tener en cuenta información de depuración
BulletDynamics_debug.lib(btTypedConstraint.obj) : warning LNK4204: falta información de depuración de 'C:\Users\Javi\Desktop\Citm\Motores\Game-Engines\Game-Engine\Debug\vc140.pdb' para hacer referencia al módulo; se vinculará el objeto sin tener en cuenta información de depuración
BulletDynamics_debug.lib(btRaycastVehicle.obj) : warning LNK4204: falta información de depuración de 'C:\Users\Javi\Desktop\Citm\Motores\Game-Engines\Game-Engine\Debug\vc140.pdb' para hacer referencia al módulo; se vinculará el objeto sin tener en cuenta información de depuración
BulletDynamics_debug.lib(btWheelInfo.obj) : warning LNK4204: falta información de depuración de 'C:\Users\Javi\Desktop\Citm\Motores\Game-Engines\Game-Engine\Debug\vc140.pdb' para hacer referencia al módulo; se vinculará el objeto sin tener en cuenta información de depuración
BulletCollision_debug.lib(btCollisionAlgorithm.obj) : warning LNK4204: falta información de depuración de 'C:\Users\Javi\Desktop\Citm\Motores\Game-Engines\Game-Engine\Debug\vc140.pdb' para hacer referencia al módulo; se vinculará el objeto sin tener en cuenta información de depuración
BulletCollision_debug.lib(btDbvt.obj) : warning LNK4204: falta información de depuración de 'C:\Users\Javi\Desktop\Citm\Motores\Game-Engines\Game-Engine\Debug\vc140.pdb' para hacer referencia al módulo; se vinculará el objeto sin tener en cuenta información de depuración
BulletCollision_debug.lib(btDbvtBroadphase.obj) : warning LNK4204: falta información de depuración de 'C:\Users\Javi\Desktop\Citm\Motores\Game-Engines\Game-Engine\Debug\vc140.pdb' para hacer referencia al módulo; se vinculará el objeto sin tener en cuenta información de depuración
BulletCollision_debug.lib(btDispatcher.obj) : warning LNK4204: falta información de depuración de 'C:\Users\Javi\Desktop\Citm\Motores\Game-Engines\Game-Engine\Debug\vc140.pdb' para hacer referencia al módulo; se vinculará el objeto sin tener en cuenta información de depuración
BulletCollision_debug.lib(btOverlappingPairCache.obj) : warning LNK4204: falta información de depuración de 'C:\Users\Javi\Desktop\Citm\Motores\Game-Engines\Game-Engine\Debug\vc140.pdb' para hacer referencia al módulo; se vinculará el objeto sin tener en cuenta información de depuración
BulletCollision_debug.lib(btQuantizedBvh.obj) : warning LNK4204: falta información de depuración de 'C:\Users\Javi\Desktop\Citm\Motores\Game-Engines\Game-Engine\Debug\vc140.pdb' para hacer referencia al módulo; se vinculará el objeto sin tener en cuenta información de depuración
BulletCollision_debug.lib(btActivatingCollisionAlgorithm.obj) : warning LNK4204: falta información de depuración de 'C:\Users\Javi\Desktop\Citm\Motores\Game-Engines\Game-Engine\Debug\vc140.pdb' para hacer referencia al módulo; se vinculará el objeto sin tener en cuenta información de depuración
BulletCollision_debug.lib(btBoxBoxCollisionAlgorithm.obj) : warning LNK4204: falta información de depuración de 'C:\Users\Javi\Desktop\Citm\Motores\Game-Engines\Game-Engine\Debug\vc140.pdb' para hacer referencia al módulo; se vinculará el objeto sin tener en cuenta información de depuración
BulletCollision_debug.lib(btBoxBoxDetector.obj) : warning LNK4204: falta información de depuración de 'C:\Users\Javi\Desktop\Citm\Motores\Game-Engines\Game-Engine\Debug\vc140.pdb' para hacer referencia al módulo; se vinculará el objeto sin tener en cuenta información de depuración
BulletCollision_debug.lib(btCollisionDispatcher.obj) : warning LNK4204: falta información de depuración de 'C:\Users\Javi\Desktop\Citm\Motores\Game-Engines\Game-Engine\Debug\vc140.pdb' para hacer referencia al módulo; se vinculará el objeto sin tener en cuenta información de depuración
BulletCollision_debug.lib(btCollisionObject.obj) : warning LNK4204: falta información de depuración de 'C:\Users\Javi\Desktop\Citm\Motores\Game-Engines\Game-Engine\Debug\vc140.pdb' para hacer referencia al módulo; se vinculará el objeto sin tener en cuenta información de depuración
BulletCollision_debug.lib(btCollisionWorld.obj) : warning LNK4204: falta información de depuración de 'C:\Users\Javi\Desktop\Citm\Motores\Game-Engines\Game-Engine\Debug\vc140.pdb' para hacer referencia al módulo; se vinculará el objeto sin tener en cuenta información de depuración
BulletCollision_debug.lib(btCompoundCollisionAlgorithm.obj) : warning LNK4204: falta información de depuración de 'C:\Users\Javi\Desktop\Citm\Motores\Game-Engines\Game-Engine\Debug\vc140.pdb' para hacer referencia al módulo; se vinculará el objeto sin tener en cuenta información de depuración
BulletCollision_debug.lib(btCompoundCompoundCollisionAlgorithm.obj) : warning LNK4204: falta información de depuración de 'C:\Users\Javi\Desktop\Citm\Motores\Game-Engines\Game-Engine\Debug\vc140.pdb' para hacer referencia al módulo; se vinculará el objeto sin tener en cuenta información de depuración
BulletCollision_debug.lib(btConvexConcaveCollisionAlgorithm.obj) : warning LNK4204: falta información de depuración de 'C:\Users\Javi\Desktop\Citm\Motores\Game-Engines\Game-Engine\Debug\vc140.pdb' para hacer referencia al módulo; se vinculará el objeto sin tener en cuenta información de depuración
BulletCollision_debug.lib(btConvexConvexAlgorithm.obj) : warning LNK4204: falta información de depuración de 'C:\Users\Javi\Desktop\Citm\Motores\Game-Engines\Game-Engine\Debug\vc140.pdb' para hacer referencia al módulo; se vinculará el objeto sin tener en cuenta información de depuración
BulletCollision_debug.lib(btConvexPlaneCollisionAlgorithm.obj) : warning LNK4204: falta información de depuración de 'C:\Users\Javi\Desktop\Citm\Motores\Game-Engines\Game-Engine\Debug\vc140.pdb' para hacer referencia al módulo; se vinculará el objeto sin tener en cuenta información de depuración
BulletCollision_debug.lib(btDefaultCollisionConfiguration.obj) : warning LNK4204: falta información de depuración de 'C:\Users\Javi\Desktop\Citm\Motores\Game-Engines\Game-Engine\Debug\vc140.pdb' para hacer referencia al módulo; se vinculará el objeto sin tener en cuenta información de depuración
BulletCollision_debug.lib(btEmptyCollisionAlgorithm.obj) : warning LNK4204: falta información de depuración de 'C:\Users\Javi\Desktop\Citm\Motores\Game-Engines\Game-Engine\Debug\vc140.pdb' para hacer referencia al módulo; se vinculará el objeto sin tener en cuenta información de depuración
BulletCollision_debug.lib(btHashedSimplePairCache.obj) : warning LNK4204: falta información de depuración de 'C:\Users\Javi\Desktop\Citm\Motores\Game-Engines\Game-Engine\Debug\vc140.pdb' para hacer referencia al módulo; se vinculará el objeto sin tener en cuenta información de depuración
BulletCollision_debug.lib(btManifoldResult.obj) : warning LNK4204: falta información de depuración de 'C:\Users\Javi\Desktop\Citm\Motores\Game-Engines\Game-Engine\Debug\vc140.pdb' para hacer referencia al módulo; se vinculará el objeto sin tener en cuenta información de depuración
BulletCollision_debug.lib(btSimulationIslandManager.obj) : warning LNK4204: falta información de depuración de 'C:\Users\Javi\Desktop\Citm\Motores\Game-Engines\Game-Engine\Debug\vc140.pdb' para hacer referencia al módulo; se vinculará el objeto sin tener en cuenta información de depuración
BulletCollision_debug.lib(btSphereSphereCollisionAlgorithm.obj) : warning LNK4204: falta información de depuración de 'C:\Users\Javi\Desktop\Citm\Motores\Game-Engines\Game-Engine\Debug\vc140.pdb' para hacer referencia al módulo; se vinculará el objeto sin tener en cuenta información de depuración
BulletCollision_debug.lib(btSphereTriangleCollisionAlgorithm.obj) : warning LNK4204: falta información de depuración de 'C:\Users\Javi\Desktop\Citm\Motores\Game-Engines\Game-Engine\Debug\vc140.pdb' para hacer referencia al módulo; se vinculará el objeto sin tener en cuenta información de depuración
BulletCollision_debug.lib(btUnionFind.obj) : warning LNK4204: falta información de depuración de 'C:\Users\Javi\Desktop\Citm\Motores\Game-Engines\Game-Engine\Debug\vc140.pdb' para hacer referencia al módulo; se vinculará el objeto sin tener en cuenta información de depuración
BulletCollision_debug.lib(SphereTriangleDetector.obj) : warning LNK4204: falta información de depuración de 'C:\Users\Javi\Desktop\Citm\Motores\Game-Engines\Game-Engine\Debug\vc140.pdb' para hacer referencia al módulo; se vinculará el objeto sin tener en cuenta información de depuración
BulletCollision_debug.lib(btBoxShape.obj) : warning LNK4204: falta información de depuración de 'C:\Users\Javi\Desktop\Citm\Motores\Game-Engines\Game-Engine\Debug\vc140.pdb' para hacer referencia al módulo; se vinculará el objeto sin tener en cuenta información de depuración
BulletCollision_debug.lib(btBvhTriangleMeshShape.obj) : warning LNK4204: falta información de depuración de 'C:\Users\Javi\Desktop\Citm\Motores\Game-Engines\Game-Engine\Debug\vc140.pdb' para hacer referencia al módulo; se vinculará el objeto sin tener en cuenta información de depuración
BulletCollision_debug.lib(btCollisionShape.obj) : warning LNK4204: falta información de depuración de 'C:\Users\Javi\Desktop\Citm\Motores\Game-Engines\Game-Engine\Debug\vc140.pdb' para hacer referencia al módulo; se vinculará el objeto sin tener en cuenta información de depuración
BulletCollision_debug.lib(btCompoundShape.obj) : warning LNK4204: falta información de depuración de 'C:\Users\Javi\Desktop\Citm\Motores\Game-Engines\Game-Engine\Debug\vc140.pdb' para hacer referencia al módulo; se vinculará el objeto sin tener en cuenta información de depuración
BulletCollision_debug.lib(btConcaveShape.obj) : warning LNK4204: falta información de depuración de 'C:\Users\Javi\Desktop\Citm\Motores\Game-Engines\Game-Engine\Debug\vc140.pdb' para hacer referencia al módulo; se vinculará el objeto sin tener en cuenta información de depuración
BulletCollision_debug.lib(btConvexInternalShape.obj) : warning LNK4204: falta información de depuración de 'C:\Users\Javi\Desktop\Citm\Motores\Game-Engines\Game-Engine\Debug\vc140.pdb' para hacer referencia al módulo; se vinculará el objeto sin tener en cuenta información de depuración
BulletCollision_debug.lib(btConvexPolyhedron.obj) : warning LNK4204: falta información de depuración de 'C:\Users\Javi\Desktop\Citm\Motores\Game-Engines\Game-Engine\Debug\vc140.pdb' para hacer referencia al módulo; se vinculará el objeto sin tener en cuenta información de depuración
BulletCollision_debug.lib(btConvexShape.obj) : warning LNK4204: falta información de depuración de 'C:\Users\Javi\Desktop\Citm\Motores\Game-Engines\Game-Engine\Debug\vc140.pdb' para hacer referencia al módulo; se vinculará el objeto sin tener en cuenta información de depuración
BulletCollision_debug.lib(btCylinderShape.obj) : warning LNK4204: falta información de depuración de 'C:\Users\Javi\Desktop\Citm\Motores\Game-Engines\Game-Engine\Debug\vc140.pdb' para hacer referencia al módulo; se vinculará el objeto sin tener en cuenta información de depuración
BulletCollision_debug.lib(btOptimizedBvh.obj) : warning LNK4204: falta información de depuración de 'C:\Users\Javi\Desktop\Citm\Motores\Game-Engines\Game-Engine\Debug\vc140.pdb' para hacer referencia al módulo; se vinculará el objeto sin tener en cuenta información de depuración
BulletCollision_debug.lib(btPolyhedralConvexShape.obj) : warning LNK4204: falta información de depuración de 'C:\Users\Javi\Desktop\Citm\Motores\Game-Engines\Game-Engine\Debug\vc140.pdb' para hacer referencia al módulo; se vinculará el objeto sin tener en cuenta información de depuración
BulletCollision_debug.lib(btSphereShape.obj) : warning LNK4204: falta información de depuración de 'C:\Users\Javi\Desktop\Citm\Motores\Game-Engines\Game-Engine\Debug\vc140.pdb' para hacer referencia al módulo; se vinculará el objeto sin tener en cuenta información de depuración
BulletCollision_debug.lib(btStaticPlaneShape.obj) : warning LNK4204: falta información de depuración de 'C:\Users\Javi\Desktop\Citm\Motores\Game-Engines\Game-Engine\Debug\vc140.pdb' para hacer referencia al módulo; se vinculará el objeto sin tener en cuenta información de depuración
BulletCollision_debug.lib(btTriangleCallback.obj) : warning LNK4204: falta información de depuración de 'C:\Users\Javi\Desktop\Citm\Motores\Game-Engines\Game-Engine\Debug\vc140.pdb' para hacer referencia al módulo; se vinculará el objeto sin tener en cuenta información de depuración
BulletCollision_debug.lib(btTriangleMeshShape.obj) : warning LNK4204: falta información de depuración de 'C:\Users\Javi\Desktop\Citm\Motores\Game-Engines\Game-Engine\Debug\vc140.pdb' para hacer referencia al módulo; se vinculará el objeto sin tener en cuenta información de depuración
BulletCollision_debug.lib(btContinuousConvexCollision.obj) : warning LNK4204: falta información de depuración de 'C:\Users\Javi\Desktop\Citm\Motores\Game-Engines\Game-Engine\Debug\vc140.pdb' para hacer referencia al módulo; se vinculará el objeto sin tener en cuenta información de depuración
BulletCollision_debug.lib(btConvexCast.obj) : warning LNK4204: falta información de depuración de 'C:\Users\Javi\Desktop\Citm\Motores\Game-Engines\Game-Engine\Debug\vc140.pdb' para hacer referencia al módulo; se vinculará el objeto sin tener en cuenta información de depuración
BulletCollision_debug.lib(btGjkConvexCast.obj) : warning LNK4204: falta información de depuración de 'C:\Users\Javi\Desktop\Citm\Motores\Game-Engines\Game-Engine\Debug\vc140.pdb' para hacer referencia al módulo; se vinculará el objeto sin tener en cuenta información de depuración
BulletCollision_debug.lib(btGjkEpa2.obj) : warning LNK4204: falta información de depuración de 'C:\Users\Javi\Desktop\Citm\Motores\Game-Engines\Game-Engine\Debug\vc140.pdb' para hacer referencia al módulo; se vinculará el objeto sin tener en cuenta información de depuración
BulletCollision_debug.lib(btGjkEpaPenetrationDepthSolver.obj) : warning LNK4204: falta información de depuración de 'C:\Users\Javi\Desktop\Citm\Motores\Game-Engines\Game-Engine\Debug\vc140.pdb' para hacer referencia al módulo; se vinculará el objeto sin tener en cuenta información de depuración
BulletCollision_debug.lib(btGjkPairDetector.obj) : warning LNK4204: falta información de depuración de 'C:\Users\Javi\Desktop\Citm\Motores\Game-Engines\Game-Engine\Debug\vc140.pdb' para hacer referencia al módulo; se vinculará el objeto sin tener en cuenta información de depuración
BulletCollision_debug.lib(btMinkowskiPenetrationDepthSolver.obj) : warning LNK4204: falta información de depuración de 'C:\Users\Javi\Desktop\Citm\Motores\Game-Engines\Game-Engine\Debug\vc140.pdb' para hacer referencia al módulo; se vinculará el objeto sin tener en cuenta información de depuración
BulletCollision_debug.lib(btPersistentManifold.obj) : warning LNK4204: falta información de depuración de 'C:\Users\Javi\Desktop\Citm\Motores\Game-Engines\Game-Engine\Debug\vc140.pdb' para hacer referencia al módulo; se vinculará el objeto sin tener en cuenta información de depuración
BulletCollision_debug.lib(btPolyhedralContactClipping.obj) : warning LNK4204: falta información de depuración de 'C:\Users\Javi\Desktop\Citm\Motores\Game-Engines\Game-Engine\Debug\vc140.pdb' para hacer referencia al módulo; se vinculará el objeto sin tener en cuenta información de depuración
BulletCollision_debug.lib(btRaycastCallback.obj) : warning LNK4204: falta información de depuración de 'C:\Users\Javi\Desktop\Citm\Motores\Game-Engines\Game-Engine\Debug\vc140.pdb' para hacer referencia al módulo; se vinculará el objeto sin tener en cuenta información de depuración
BulletCollision_debug.lib(btSubSimplexConvexCast.obj) : warning LNK4204: falta información de depuración de 'C:\Users\Javi\Desktop\Citm\Motores\Game-Engines\Game-Engine\Debug\vc140.pdb' para hacer referencia al módulo; se vinculará el objeto sin tener en cuenta información de depuración
BulletCollision_debug.lib(btVoronoiSimplexSolver.obj) : warning LNK4204: falta información de depuración de 'C:\Users\Javi\Desktop\Citm\Motores\Game-Engines\Game-Engine\Debug\vc140.pdb' para hacer referencia al módulo; se vinculará el objeto sin tener en cuenta información de depuración
LinearMath_debug.lib(btAlignedAllocator.obj) : warning LNK4204: falta información de depuración de 'C:\Users\Javi\Desktop\Citm\Motores\Game-Engines\Game-Engine\Debug\vc140.pdb' para hacer referencia al módulo; se vinculará el objeto sin tener en cuenta información de depuración
LinearMath_debug.lib(btConvexHullComputer.obj) : warning LNK4204: falta información de depuración de 'C:\Users\Javi\Desktop\Citm\Motores\Game-Engines\Game-Engine\Debug\vc140.pdb' para hacer referencia al módulo; se vinculará el objeto sin tener en cuenta información de depuración
LinearMath_debug.lib(btGeometryUtil.obj) : warning LNK4204: falta información de depuración de 'C:\Users\Javi\Desktop\Citm\Motores\Game-Engines\Game-Engine\Debug\vc140.pdb' para hacer referencia al módulo; se vinculará el objeto sin tener en cuenta información de depuración
LinearMath_debug.lib(btQuickprof.obj) : warning LNK4204: falta información de depuración de 'C:\Users\Javi\Desktop\Citm\Motores\Game-Engines\Game-Engine\Debug\vc140.pdb' para hacer referencia al módulo; se vinculará el objeto sin tener en cuenta información de depuración
LinearMath_debug.lib(btVector3.obj) : warning LNK4204: falta información de depuración de 'C:\Users\Javi\Desktop\Citm\Motores\Game-Engines\Game-Engine\Debug\vc140.pdb' para hacer referencia al módulo; se vinculará el objeto sin tener en cuenta información de depuración
  3D Physics.vcxproj -> C:\Users\Javi\Desktop\Citm\Motores\Game-Engines\Game-Engine\Debug\3D Physics - class6.exe
  3D Physics.vcxproj -> C:\Users\Javi\Desktop\Citm\Motores\Game-Engines\Game-Engine\Debug\3D Physics - class6.pdb (Full PDB)
